This is pdfTeX, Version 3.14159265-2.6-1.40.19 (TeX Live 2018/Arch Linux) (preloaded format=pdflatex 2018.9.12)  9 NOV 2018 23:14
entering extended mode
 restricted \write18 enabled.
 %&-line parsing enabled.
**obsah.tex
(./obsah.tex
LaTeX2e <2018-04-01> patch level 5
(/usr/share/texmf-dist/tex/latex/base/article.cls
Document Class: article 2014/09/29 v1.4h Standard LaTeX document class
(/usr/share/texmf-dist/tex/latex/base/size10.clo
File: size10.clo 2014/09/29 v1.4h Standard LaTeX file (size option)
)
\c@part=\count80
\c@section=\count81
\c@subsection=\count82
\c@subsubsection=\count83
\c@paragraph=\count84
\c@subparagraph=\count85
\c@figure=\count86
\c@table=\count87
\abovecaptionskip=\skip41
\belowcaptionskip=\skip42
\bibindent=\dimen102
)
(/usr/share/texmf-dist/tex/latex/geometry/geometry.sty
Package: geometry 2018/04/16 v5.8 Page Geometry

(/usr/share/texmf-dist/tex/latex/graphics/keyval.sty
Package: keyval 2014/10/28 v1.15 key=value parser (DPC)
\KV@toks@=\toks14
)
(/usr/share/texmf-dist/tex/generic/oberdiek/ifpdf.sty
Package: ifpdf 2017/03/15 v3.2 Provides the ifpdf switch
)
(/usr/share/texmf-dist/tex/generic/oberdiek/ifvtex.sty
Package: ifvtex 2016/05/16 v1.6 Detect VTeX and its facilities (HO)
Package ifvtex Info: VTeX not detected.
)
(/usr/share/texmf-dist/tex/generic/ifxetex/ifxetex.sty
Package: ifxetex 2010/09/12 v0.6 Provides ifxetex conditional
)
\Gm@cnth=\count88
\Gm@cntv=\count89
\c@Gm@tempcnt=\count90
\Gm@bindingoffset=\dimen103
\Gm@wd@mp=\dimen104
\Gm@odd@mp=\dimen105
\Gm@even@mp=\dimen106
\Gm@layoutwidth=\dimen107
\Gm@layoutheight=\dimen108
\Gm@layouthoffset=\dimen109
\Gm@layoutvoffset=\dimen110
\Gm@dimlist=\toks15
)
(/usr/share/texmf-dist/tex/latex/graphics/graphicx.sty
Package: graphicx 2017/06/01 v1.1a Enhanced LaTeX Graphics (DPC,SPQR)

(/usr/share/texmf-dist/tex/latex/graphics/graphics.sty
Package: graphics 2017/06/25 v1.2c Standard LaTeX Graphics (DPC,SPQR)

(/usr/share/texmf-dist/tex/latex/graphics/trig.sty
Package: trig 2016/01/03 v1.10 sin cos tan (DPC)
)
(/usr/share/texmf-dist/tex/latex/graphics-cfg/graphics.cfg
File: graphics.cfg 2016/06/04 v1.11 sample graphics configuration
)
Package graphics Info: Driver file: pdftex.def on input line 99.

(/usr/share/texmf-dist/tex/latex/graphics-def/pdftex.def
File: pdftex.def 2018/01/08 v1.0l Graphics/color driver for pdftex
))
\Gin@req@height=\dimen111
\Gin@req@width=\dimen112
)
(/usr/share/texmf-dist/tex/generic/babel/babel.sty
Package: babel 2018/09/02 3.23 The Babel package

(/usr/share/texmf-dist/tex/generic/babel/switch.def
File: switch.def 2018/09/02 3.23 Babel switching mechanism
)
(/usr/share/texmf-dist/tex/generic/babel-czech/czech.ldf
Language: czech 2008/07/06 v3.1a Czech support from the babel system

(/usr/share/texmf-dist/tex/generic/babel/babel.def
File: babel.def 2018/09/02 3.23 Babel common definitions
\babel@savecnt=\count91
\U@D=\dimen113

(/usr/share/texmf-dist/tex/generic/babel/txtbabel.def)
\bbl@dirlevel=\count92
)
Package babel Info: Making " an active character on input line 172.
\cs@wordlen=\count93
Package babel Info: Making - an active character on input line 226.
))
(/usr/share/texmf-dist/tex/latex/base/inputenc.sty
Package: inputenc 2018/04/06 v1.3b Input encoding file
\inpenc@prehook=\toks16
\inpenc@posthook=\toks17
)
(/usr/share/texmf-dist/tex/latex/abstract/abstract.sty
Package: abstract 2009/06/08 v1.2a configurable abstracts
\abstitleskip=\skip43
\absleftindent=\skip44
\absrightindent=\skip45
\absparindent=\skip46
\absparsep=\skip47
)

LaTeX Warning: Unused global option(s):
    [a6paper].

(./obsah.aux)
\openout1 = `obsah.aux'.

LaTeX Font Info:    Checking defaults for OML/cmm/m/it on input line 22.
LaTeX Font Info:    ... okay on input line 22.
LaTeX Font Info:    Checking defaults for T1/cmr/m/n on input line 22.
LaTeX Font Info:    ... okay on input line 22.
LaTeX Font Info:    Checking defaults for OT1/cmr/m/n on input line 22.
LaTeX Font Info:    ... okay on input line 22.
LaTeX Font Info:    Checking defaults for OMS/cmsy/m/n on input line 22.
LaTeX Font Info:    ... okay on input line 22.
LaTeX Font Info:    Checking defaults for OMX/cmex/m/n on input line 22.
LaTeX Font Info:    ... okay on input line 22.
LaTeX Font Info:    Checking defaults for U/cmr/m/n on input line 22.
LaTeX Font Info:    ... okay on input line 22.

*geometry* driver: auto-detecting
*geometry* detected driver: pdftex
*geometry* verbose mode - [ preamble ] result:
* driver: pdftex
* paper: a6paper
* layout: <same size as paper>
* layoutoffset:(h,v)=(0.0pt,0.0pt)
* modes: includefoot 
* h-part:(L,W,R)=(25.6073pt, 253.22934pt, 19.9173pt)
* v-part:(T,H,B)=(22.76228pt, 369.88582pt, 28.45268pt)
* \paperwidth=298.75394pt
* \paperheight=421.10078pt
* \textwidth=253.22934pt
* \textheight=339.88582pt
* \oddsidemargin=-46.66269pt
* \evensidemargin=-46.66269pt
* \topmargin=-86.5077pt
* \headheight=12.0pt
* \headsep=25.0pt
* \topskip=10.0pt
* \footskip=30.0pt
* \marginparwidth=65.0pt
* \marginparsep=11.0pt
* \columnsep=10.0pt
* \skip\footins=9.0pt plus 4.0pt minus 2.0pt
* \hoffset=0.0pt
* \voffset=0.0pt
* \mag=1000
* \@twocolumnfalse
* \@twosidefalse
* \@mparswitchfalse
* \@reversemarginfalse
* (1in=72.27pt=25.4mm, 1cm=28.453pt)

(/usr/share/texmf-dist/tex/context/base/mkii/supp-pdf.mkii
[Loading MPS to PDF converter (version 2006.09.02).]
\scratchcounter=\count94
\scratchdimen=\dimen114
\scratchbox=\box26
\nofMPsegments=\count95
\nofMParguments=\count96
\everyMPshowfont=\toks18
\MPscratchCnt=\count97
\MPscratchDim=\dimen115
\MPnumerator=\count98
\makeMPintoPDFobject=\count99
\everyMPtoPDFconversion=\toks19
) (/usr/share/texmf-dist/tex/latex/oberdiek/epstopdf-base.sty
Package: epstopdf-base 2016/05/15 v2.6 Base part for package epstopdf

(/usr/share/texmf-dist/tex/generic/oberdiek/infwarerr.sty
Package: infwarerr 2016/05/16 v1.4 Providing info/warning/error messages (HO)
)
(/usr/share/texmf-dist/tex/latex/oberdiek/grfext.sty
Package: grfext 2016/05/16 v1.2 Manage graphics extensions (HO)

(/usr/share/texmf-dist/tex/generic/oberdiek/kvdefinekeys.sty
Package: kvdefinekeys 2016/05/16 v1.4 Define keys (HO)

(/usr/share/texmf-dist/tex/generic/oberdiek/ltxcmds.sty
Package: ltxcmds 2016/05/16 v1.23 LaTeX kernel commands for general use (HO)
)))
(/usr/share/texmf-dist/tex/latex/oberdiek/kvoptions.sty
Package: kvoptions 2016/05/16 v3.12 Key value format for package options (HO)

(/usr/share/texmf-dist/tex/generic/oberdiek/kvsetkeys.sty
Package: kvsetkeys 2016/05/16 v1.17 Key value parser (HO)

(/usr/share/texmf-dist/tex/generic/oberdiek/etexcmds.sty
Package: etexcmds 2016/05/16 v1.6 Avoid name clashes with e-TeX commands (HO)

(/usr/share/texmf-dist/tex/generic/oberdiek/ifluatex.sty
Package: ifluatex 2016/05/16 v1.4 Provides the ifluatex switch (HO)
Package ifluatex Info: LuaTeX not detected.
)
Package etexcmds Info: Could not find \expanded.
(etexcmds)             That can mean that you are not using pdfTeX 1.50 or
(etexcmds)             that some package has redefined \expanded.
(etexcmds)             In the latter case, load this package earlier.
)))
(/usr/share/texmf-dist/tex/generic/oberdiek/pdftexcmds.sty
Package: pdftexcmds 2018/01/30 v0.27 Utility functions of pdfTeX for LuaTeX (HO
)
Package pdftexcmds Info: LuaTeX not detected.
Package pdftexcmds Info: \pdf@primitive is available.
Package pdftexcmds Info: \pdf@ifprimitive is available.
Package pdftexcmds Info: \pdfdraftmode found.
)
Package epstopdf-base Info: Redefining graphics rule for `.eps' on input line 4
38.
Package grfext Info: Graphics extension search list:
(grfext)             [.pdf,.png,.jpg,.mps,.jpeg,.jbig2,.jb2,.PDF,.PNG,.JPG,.JPE
G,.JBIG2,.JB2,.eps]
(grfext)             \AppendGraphicsExtensions on input line 456.

(/usr/share/texmf-dist/tex/latex/latexconfig/epstopdf-sys.cfg
File: epstopdf-sys.cfg 2010/07/13 v1.3 Configuration of (r)epstopdf for TeX Liv
e
))
LaTeX Font Info:    External font `cmex10' loaded for size
(Font)              <12> on input line 29.
LaTeX Font Info:    External font `cmex10' loaded for size
(Font)              <8> on input line 29.
LaTeX Font Info:    External font `cmex10' loaded for size
(Font)              <6> on input line 29.
<piktogramy/agles_kluci_kruh.jpg, id=1, 234.6366pt x 199.2243pt>
File: piktogramy/agles_kluci_kruh.jpg Graphic file (type jpg)
<use piktogramy/agles_kluci_kruh.jpg>
Package pdftex.def Info: piktogramy/agles_kluci_kruh.jpg  used on input line 39
.
(pdftex.def)             Requested size: 151.93915pt x 129.01091pt.
 [1

{/var/lib/texmf/fonts/map/pdftex/updmap/pdftex.map} <./piktogramy/agles_kluci_k
ruh.jpg>]
Overfull \hbox (2.31677pt too wide) in paragraph at lines 53--54
[]\OT1/cmr/m/n/12 vydali jste se s na^^Ts^^S^^Pm kme-nem na dlou-hou cestu.
 []


Overfull \hbox (4.85016pt too wide) in paragraph at lines 58--59
\OT1/cmr/m/n/12 ka^^Tzd^^Seho spln^^Ten^^Seho ^^Sukolu v^^Sam ud[]a po-dep^^S^^
P^^Tse pol^^S^^P^^Tcko
 []

[2

]
LaTeX Font Info:    Try loading font information for OMS+cmr on input line 67.
 (/usr/share/texmf-dist/tex/latex/base/omscmr.fd
File: omscmr.fd 2014/09/29 v2.5h Standard LaTeX font definitions
)
LaTeX Font Info:    Font shape `OMS/cmr/m/n' in size <10> not available
(Font)              Font shape `OMS/cmsy/m/n' tried instead on input line 67.
<piktogramy/indos_bezi2.jpg, id=13, 79.0152pt x 98.5281pt>
File: piktogramy/indos_bezi2.jpg Graphic file (type jpg)
<use piktogramy/indos_bezi2.jpg>
Package pdftex.def Info: piktogramy/indos_bezi2.jpg  used on input line 90.
(pdftex.def)             Requested size: 75.96957pt x 94.73773pt.
 [3

 <./piktogramy/indos_bezi2.jpg>]
<piktogramy/agles_rozdelava_ohynek.jpg, id=18, 623.32875pt x 523.9575pt>
File: piktogramy/agles_rozdelava_ohynek.jpg Graphic file (type jpg)
<use piktogramy/agles_rozdelava_ohynek.jpg>
Package pdftex.def Info: piktogramy/agles_rozdelava_ohynek.jpg  used on input l
ine 125.
(pdftex.def)             Requested size: 88.6318pt x 74.49683pt.
 [4

 <./piktogramy/agles_rozdelava_ohynek.jpg>]
Overfull \hbox (1.18779pt too wide) in paragraph at lines 145--146
[]\OT1/cmr/m/n/10 Dok^^Sa^^Tzu naj^^S^^Pt na map^^Te m^^S^^Psto, kde se nach^^S
az^^S^^Pm.  | [] 
 []


Overfull \hbox (5.74336pt too wide) in paragraph at lines 146--147
[]\OT1/cmr/m/n/10 B^^Tehem jedn^^Se v^^Syprava si zkus^^S^^Pm dru^^Tzinku v^^Se
st. Nech^^Sam
 []


Overfull \hbox (3.07675pt too wide) in paragraph at lines 146--147
\OT1/cmr/m/n/10 si uk^^Sazat, kudy p^^Wujdeme a po-tom trasu sle-duji.  | [] 
 []

<piktogramy/typka.jpg, id=22, 234.8775pt x 238.8925pt>
File: piktogramy/typka.jpg Graphic file (type jpg)
<use piktogramy/typka.jpg>
Package pdftex.def Info: piktogramy/typka.jpg  used on input line 152.
(pdftex.def)             Requested size: 63.30733pt x 64.38882pt.
[5

 <./piktogramy/typka.jpg>]
Overfull \hbox (8.21562pt too wide) in paragraph at lines 164--165
[]\OT1/cmr/m/n/10 slo^^Tz^^S^^Pm b^^Sasni^^Tcku nebo nap^^S^^P^^Tsu svou vlastn
^^S^^P poh^^Sadku
 []


Overfull \hbox (9.68782pt too wide) in paragraph at lines 177--178
[]\OT1/cmr/m/n/10 Nau^^Tc^^S^^Pm se ^^Tsifru zva-nou m^^Tr^^S^^P^^Tzka. Dok^^Sa
^^Tzu rozlu^^Tstit zpr^^Savu
 []

<piktogramy/korale.jpg, id=26, 141.6492pt x 18.3084pt>
File: piktogramy/korale.jpg Graphic file (type jpg)
<use piktogramy/korale.jpg>
Package pdftex.def Info: piktogramy/korale.jpg  used on input line 183.
(pdftex.def)             Requested size: 177.25975pt x 22.91223pt.
[6

 <./piktogramy/korale.jpg>]
<piktogramy/mysicky.jpg, id=31, 125.0271pt x 53.4798pt>
File: piktogramy/mysicky.jpg Graphic file (type jpg)
<use piktogramy/mysicky.jpg>
Package pdftex.def Info: piktogramy/mysicky.jpg  used on input line 205.
(pdftex.def)             Requested size: 126.61467pt x 54.16023pt.
 [7

 <./piktogramy/mysicky.jpg>]
<piktogramy/symbol_kruh_4_typka.jpg, id=36, 109.1277pt x 107.9232pt>
File: piktogramy/symbol_kruh_4_typka.jpg Graphic file (type jpg)
<use piktogramy/symbol_kruh_4_typka.jpg>
Package pdftex.def Info: piktogramy/symbol_kruh_4_typka.jpg  used on input line
 211.
(pdftex.def)             Requested size: 126.61467pt x 125.21898pt.
 [8

 <./piktogramy/symbol_kruh_4_typka.jpg>] (./obsah.aux) ) 
Here is how much of TeX's memory you used:
 2698 strings out of 492642
 37876 string characters out of 6135566
 116639 words of memory out of 5000000
 6549 multiletter control sequences out of 15000+600000
 7895 words of font info for 28 fonts, out of 8000000 for 9000
 1141 hyphenation exceptions out of 8191
 41i,6n,31p,272b,189s stack positions out of 5000i,500n,10000p,200000b,80000s
</usr/share/texmf-dist/
fonts/type1/public/amsfonts/cm/cmbx10.pfb></usr/share/texmf-dist/fonts/type1/pu
blic/amsfonts/cm/cmbx12.pfb></usr/share/texmf-dist/fonts/type1/public/amsfonts/
cm/cmr10.pfb></usr/share/texmf-dist/fonts/type1/public/amsfonts/cm/cmr12.pfb></
usr/share/texmf-dist/fonts/type1/public/amsfonts/cm/cmr5.pfb></usr/share/texmf-
dist/fonts/type1/public/amsfonts/cm/cmsy10.pfb>
Output written on obsah.pdf (8 pages, 463231 bytes).
PDF statistics:
 62 PDF objects out of 1000 (max. 8388607)
 38 compressed objects within 1 object stream
 0 named destinations out of 1000 (max. 500000)
 36 words of extra memory for PDF output out of 10000 (max. 10000000)

